b'Key migration operation.\n\nSubject:\n\tSecurity ID:\t\tS-1-5-19\n\tAccount Name:\t\tLOCAL SERVICE\n\tAccount Domain:\t\tNT AUTHORITY\n\tLogon ID:\t\t0x3E5\n\nProcess Information:\n\tProcess ID:\t\t6744\n\tProcess Creation Time:\t\xe2\x80\x8e2021\xe2\x80\x8e-\xe2\x80\x8e09\xe2\x80\x8e-\xe2\x80\x8e15T19:08:26.731649100Z\n\nCryptographic Parameters:\n\tProvider Name:\tMicrosoft Software Key Storage Provider\n\tAlgorithm Name:\tECDSA_P256\n\tKey Name:\td729cc38296eef9e\n\tKey Type:\tUser key.\n\nAdditional Information:\n\tOperation:\tExport of persistent cryptographic key.\n\tReturn Code:\t0x0'




b"A worker process with process id of '15944' serving application pool 'DefaultAppPool' was shutdown due to inactivity.  Application Pool timeout configuration was set to 20 minutes.  A new worker process will be started when needed."




b"Application or service 'Cisco AnyConnect Secure Mobility ISE Posture Agent' could not be restarted."




b'The program EXCEL.EXE version 16.0.14405.20002 stopped interacting with Windows and was closed. To see if more information about the problem is available, check the problem history in the Security and Maintenance control panel.\n Process ID: 3758\n Start Time: 01d7a6ee46b40578\n Termination Time: 261\n Application Path: C:\\Program Files (x86)\\Microsoft Office\\root\\Office16\\EXCEL.EXE\n Report Id: 5d2b6958-6848-4a80-a241-29131f111c22\n Faulting package full name: \n Faulting package-relative application ID: \n Hang type: Unknown'




b'SearchIndexer (17404,T,97) Windows: The database engine stopped the instance (0). \n \nDirty Shutdown: 0 \n \nInternal Timing Sequence: \n[1] 0.000001 +J(0)\n[2] 0.000008 +J(0)\n[3] 0.000012 +J(0)\n[4] 0.000001 +J(0)\n[5] 0.027386 -0.000013 (46) CM -0.017091 (13) WT +J(CM:46, PgRf:0, Rd:0/46, Dy:0/0, Lg:0/0) +M(C:0K, Fs:297, WS:-196K # 0K, PF:-340K # 0K, P:-340K)\n[6] 0.003100 +J(0) +M(C:0K, Fs:2, WS:-10040K # 0K, PF:-9844K # 0K, P:-9844K)\n[7] 0.000056 +J(0)\n[8] 0.013216 -0.005520 (12) WT +J(CM:0, PgRf:0, Rd:0/0, Dy:0/0, Lg:2712/2) +M(C:0K, Fs:28, WS:12K # 0K, PF:196K # 0K, P:196K)\n[9] 0.000561 -0.000505 (2) WT +J(CM:0, PgRf:0, Rd:0/0, Dy:0/0, Lg:66/1) +M(C:0K, Fs:1, WS:4K # 0K, PF:0K # 0K, P:0K)\n[10] 0.000008 +J(0)\n[11] 0.001775 -0.000557 (2) WT +J(0) +M(C:0K, Fs:1, WS:4K # 0K, PF:0K # 0K, P:0K)\n[12] 0.000257 +J(0) +M(C:0K, Fs:2, WS:4K # 0K, PF:-4K # 0K, P:-4K)\n[13] 0.000408 +J(0)\n[14] 0.000188 +J(0) +M(C:0K, Fs:0, WS:-424K # 0K, PF:-428K # 0K, P:-428K)\n[15] 0.000012 +J(0).'




b'Windows Installer reconfigured the product. Product Name: Microsoft Visual C++ 2010  x86 Redistributable - 10.0.40219. Product Version: 10.0.40219. Product Language: 0. Manufacturer: Microsoft Corporation. Reconfiguration success or error status: 0.'




b'Product: Microsoft Visual C++ 2010  x86 Redistributable - 10.0.40219 -- Configuration completed successfully.'




b'Starting reconciliation for the store C:\\Users\\anp-sec\\AppData\\Local\\Microsoft\\Outlook\\aras2sec@gmail.com.ost for the following reason: The store was last opened on a different machine.'




b'Successful auto property update of third-party root certificate:: Subject: <CN=ISRG Root X1, O=Internet Security Research Group, C=US> Sha1 thumbprint: <CABD2A79A1076A31F21D253635CB039D4329A5E8>.'




b'The COM+ sub system is suppressing duplicate event log entries for a duration of 86400 seconds.  The suppression timeout can be controlled by a REG_DWORD value named SuppressDuplicateDuration under the following registry key: HKLM\\Software\\Microsoft\\COM3\\Eventlog.'




b'Product: Office 16 Click-to-Run Licensing Component -- Removal completed successfully.'




b'Key Guard was started and will protect VSM-isolated keys.'




b'Installation Successful: Windows successfully installed the following update: 2021-09 Cumulative Update for Windows 10 Version 1809 for x64-based Systems (KB5005568)'




b'The leap second configuration has been updated.\nReason: Leap second data initialized from registry during boot\nLeap seconds enabled: true\nNew leap second count: 0\nOld leap second count: 0'




b'The oldest shadow copy of volume C: was deleted to keep disk space usage for shadow copies of volume C: below the user defined limit.'




b'The shadow copies of volume C: were aborted because the shadow copy storage could not grow due to a user imposed limit.'




b'Installation Started: Windows has started installing the following update: Windows Malicious Software Removal Tool x64 - v5.93 (KB890830)'




b'Windows Update started downloading an update.'




b'The  service entered the Driver load start state.'




b'The driver package installation has succeeded.'




b'Proof of Purchase installed successfully. \nACID=3ad61e22-e4fe-497f-bdb1-3e51bd872173\nPKeyId=a82b4eda-c8b9-a341-8ea3-d8f2cfbfb411'




b'CoId={BC54FCAD-D9F0-4803-8B7E-7E8F47991E24}: The user DESKTOP-MAP17T3\\anp-sec dialed a connection named rus1.freevpn4you.net which has terminated. The reason code returned on termination is 829.'




b'CoId={16AAE77B-64B3-4B18-BAC5-CC06A3F4CA57}: The user DESKTOP-MAP17T3\\anp-sec dialed a connection named rus1.freevpn4you.net which has failed. The error code returned on failure is 0.'




b'Drivers were successfully installed for device WPD Device.'




b'Media player and imaging program compatibility layers were successfully registered for device %1. Layer bits %2 were requested, layer bits %3 were registered.'




b"svchost (12264,R,98) DS_Token_DB: The database engine has finished replaying logfile C:\\Windows\\system32\\config\\systemprofile\\AppData\\Local\\DataSharing\\Storage\\DSS.log. \n \nProcessing Stats: \n[1] 0.160792 -0.044491 (7) WT +J(CM:0, PgRf:0, Rd:0/0, Dy:0/0, Lg:16224/10) +M(C:0K, Fs:77, WS:232K # 172K, PF:164K # 96K, P:164K). \nLog record of type 'AttachDB ' was seen most frequently (1 times)"




b'WLAN AutoConfig service has successfully started.'




b'arastoo'




b'The Software Protection service is starting.\nParameters:<explicit>'




b'Faulting application name: svchost.exe_TabletInputService, version: 10.0.17763.1, time stamp: 0xb900eeff\nFaulting module name: ntdll.dll, version: 10.0.17763.2061, time stamp: 0xc9627d45\nException code: 0xc0000008\nFault offset: 0x00000000000a381a\nFaulting process id: 0x4b60\nFaulting application start time: 0x01d7a104dc202060\nFaulting application path: C:\\Windows\\System32\\svchost.exe\nFaulting module path: C:\\Windows\\SYSTEM32\\ntdll.dll\nReport Id: 9b71b046-34bd-4a47-9156-ad32c7f6b880\nFaulting package full name: \nFaulting package-relative application ID: '




b'Grace period has been started. Grace days=30  Grace type=6.'




b'Initialization status for service objects.\nC:\\Windows\\system32\\sppwinob.dll, msft:spp/windowsfunctionality/agent/7.0, 0x00000000, 0x00000000\nC:\\Windows\\system32\\sppobjs.dll, msft:rm/algorithm/inherited/1.0, 0x00000000, 0x00000000\nC:\\Windows\\system32\\sppobjs.dll, msft:rm/algorithm/phone/1.0, 0x00000000, 0x00000000\nC:\\Windows\\system32\\sppobjs.dll, msft:rm/algorithm/pkey/detect, 0x00000000, 0x00000000\nC:\\Windows\\system32\\sppobjs.dll, msft:spp/ActionScheduler/1.0, 0x00000000, 0x00000000\nC:\\Windows\\system32\\sppobjs.dll, msft:spp/TaskScheduler/1.0, 0x00000000, 0x00000000\nC:\\Windows\\system32\\sppobjs.dll, msft:spp/statecollector/pkey, 0x00000000, 0x00000000\nC:\\Windows\\system32\\sppobjs.dll, msft:spp/volume/services/kms/1.0, 0x00000000, 0x00000000\nC:\\Windows\\system32\\sppobjs.dll, msft:spp/volume/services/kms/activationinfo/1.0, 0x00000000, 0x00000000'




b'The process C:\\Windows\\system32\\svchost.exe (DESKTOP-MAP17T3) has initiated the restart of computer DESKTOP-MAP17T3 on behalf of user NT AUTHORITY\\SYSTEM for the following reason: Operating System: Service pack (Planned)\n Reason Code: 0x80020010\n Shutdown Type: restart\n Comment: '




b'The kernel power manager has initiated a shutdown transition.\n\nShutdown Reason: Kernel API'




b'The event logging service has shut down.'




b'Hypervisor initialized I/O remapping.\n\nHardware present: false\nHardware enabled: false\nPolicy: 0x0\nEnabled features: 0x0\nInternal information: 0x0\nProblems: 0x0\nAdditional information: 0x0'




b'The operating system is shutting down at system time \xe2\x80\x8e2021\xe2\x80\x8e-\xe2\x80\x8e09\xe2\x80\x8e-\xe2\x80\x8e15T19:04:08.444768500Z.'




b'Credential Guard configuration: 0x0, 0'




b"Service 'WMPNetworkSvc' started."




b'Virtualization-based security (policies: VBS Enabled,VSM Required,Boot Chain Signer Soft Enforced) is enabled due to HyperV.'




b'The User Profile Service has started successfully.  '




b'The User Profile Service has stopped.  '




b'Hypervisor configured mitigations for CVE-2018-3646 for virtual machines.\n\nProcessor not affected: false\nProcessor family not affected: false\nProcessor supports cache flush: true\nHyperThreading enabled: true\nParent hypervisor applies mitigations: false\nMitigations disabled by bcdedit: false\nMitigations enabled: true\nCache flush needed: false'




b'The hypervisor did not enable mitigations for CVE-2018-3646 for virtual machines because HyperThreading is enabled and the hypervisor core scheduler is not enabled. To enable mitigations for CVE-2018-3646 for virtual machines, enable the core scheduler by running "bcdedit /set hypervisorschedulertype core" from an elevated command prompt and reboot.'




b'Remote calls to the SAM database are being restricted using the default security descriptor: O:SYG:SYD:(A;;RC;;;BA).\nFor more information please see http://go.microsoft.com/fwlink/?LinkId=787651.'




b'The domain is configured with the following minimum password length-related settings.\n\nMinimumPasswordLength: 0\n\nMinimumPasswordLengthAudit: -1\n\nFor more information see https://go.microsoft.com/fwlink/?LinkId=2097191.'




b'The security account manager is now logging periodic summary events for remote clients that call legacy password change or set RPC methods.\n\nFor more information please see https://go.microsoft.com/fwlink/?linkid=2150956.'




b'Connectivity state in standby: Disconnected, Reason: NIC compliance'




b'Autoplay was successfully registered for device USB\\VID_04E8&PID_6860&REV_0400&MS_COMP_MTP&SAMSUNG_Android.'




b'The boot menu policy was 0x1.'




b'The boot type was 0x0.'




b'Secure Kernel started with status STATUS_SUCCESS and flags 0.'




b'svchost (12264,R,98) DS_Token_DB: The database engine is initiating recovery steps.'




b'svchost (12264,U,98) DS_Token_DB: The database engine has successfully completed recovery steps.'




b'Reconciliation completed for the following store: C:\\Users\\anp-sec\\AppData\\Local\\Microsoft\\Outlook\\aras2sec@gmail.com.ost. Stats: Added: 3, Deleted: 0, Modified: 0, Compared: 642, Queries: 0, Results: 0, Version: 16.0.14405.20002.'




b'WLAN AutoConfig service has successfully stopped.'




b'Successful auto update of third-party root certificate:: Subject: <CN=GlobalSign, O=GlobalSign, OU=GlobalSign Root CA - R6> Sha1 thumbprint: <8094640EB5A7A1CA119C1FDDD59F810263A7FBD1>.'




b'CommandInvocation(Add-Type): "Add-Type"\nParameterBinding(Add-Type): name="AssemblyName"; value="System.Windows.Forms"\n\n\nContext:\n        Severity = Informational\n        Host Name = ConsoleHost\n        Host Version = 5.1.17763.2090\n        Host ID = 7054e82a-eb28-41a6-a990-70a40ac423b5\n        Host Application = powershell.exe -NoLogo -InputFormat Text -NoExit -ExecutionPolicy Unrestricted -Command -\n        Engine Version = 5.1.17763.2090\n        Runspace ID = bbcc1191-f3f0-4447-b35a-40687c30a165\n        Pipeline ID = 5\n        Command Name = Add-Type\n        Command Type = Cmdlet\n        Script Name = \n        Command Path = \n        Sequence Number = 16\n        User = DESKTOP-MAP17T3\\anp-sec\n        Connected User = \n        Shell ID = Microsoft.PowerShell\n\n\nUser Data:'




b'Successful auto update of third-party root list with effective date: \xe2\x80\x8eFriday, \xe2\x80\x8eSeptember \xe2\x80\x8e10, \xe2\x80\x8e2021 8:39:29 PM.'




b'MSDTC started with the following settings:\n\n Security Configuration (OFF = 0 and ON = 1):\n Allow Remote Administrator = 0,\n Network Clients = 0,\n Transaction Manager Communication: \n Allow Inbound Transactions = 0,\n Allow Outbound Transactions = 0,\n Transaction Internet Protocol (TIP) = 0,\n  Enable XA Transactions = 0,\n  Enable SNA LU 6.2 Transactions = 1,\n  MSDTC Communications Security = Mutual Authentication Required,\n Account = NT AUTHORITY\\NetworkService,\n  Firewall Exclusion Detected = 0\n\n Transaction Bridge Installed = 0\n Filtering Duplicate Events = 1'




b'Outlook loaded the following add-in(s):\n\n\nName: Microsoft Exchange Add-in\nDescription: Exchange support for Unified Messaging, e-mail permission rules, and calendar availability.\nProgID: UmOutlookAddin.FormRegionAddin\nGUID: {F959DBBB-3867-41F2-8E5F-3B8BEFAA81B3}\nLoad Behavior: 3\nHKLM: 1\nLocation: C:\\Program Files (x86)\\Microsoft Office\\root\\Office16\\ADDINS\\UmOutlookAddin.dll\nBoot Time (Milliseconds): 203\n\nName: Skype Meeting Add-in for Microsoft Office\nDescription: Skype Meeting Add-in for Microsoft Office\nProgID: UCAddin.LyncAddin.1\nGUID: {A6A2383F-AD50-4D52-8110-3508275E77F7}\nLoad Behavior: 3\nHKLM: 1\nLocation: C:\\Program Files (x86)\\Microsoft Office\\root\\Office16\\UCAddin.dll\nBoot Time (Milliseconds): 375\n\nName: Outlook Social Connector 2016\nDescription: Connects to social networking sites and provides people, activity, and status information.\nProgID: OscAddin.Connect\nGUID: {2163EB1F-3FD9-4212-A41F-81D1F933597F}\nLoad Behavior: 3\nHKLM: 1\nLocation: C:\\Program Files (x86)\\Microsoft Office\\root\\Office16\\SOCIALCONNECTOR.DLL\nBoot Time (Milliseconds): 453\n\nName: OneNote Notes about Outlook Items\nDescription: Adds Send to OneNote and Notes about this Item buttons to the command bar\nProgID: OneNote.OutlookAddin\nGUID: {93E5752E-B889-47C5-8545-654EE2533C64}\nLoad Behavior: 3\nHKLM: 1\nLocation: C:\\Program Files (x86)\\Microsoft Office\\root\\Office16\\ONBttnOL.dll\nBoot Time (Milliseconds): 63\n\nName: Microsoft VBA for Outlook Addin\nDescription: \nProgID: Microsoft.VbaAddinForOutlook.1\nGUID: {799ED9EA-FB5E-11D1-B7D6-00C04FC2AAE2}\nLoad Behavior: 9\nHKLM: 1\nLocation: C:\\Program Files (x86)\\Microsoft Office\\root\\Office16\\ADDINS\\OUTLVBA.DLL\nBoot Time (Milliseconds): 46\n\nName: Microsoft SharePoint Server Colleague Import Add-in\nDescription: The Add-in allows Microsoft SharePoint Server to import colleague suggestions based on your Outlook content\nProgID: ColleagueImport.ColleagueImportAddin\nGUID: {EFEF7FDB-0CED-4FB6-B3BB-3C50D39F4120}\nLoad Behavior: 3\nHKLM: 0\nLocation: C:\\Program Files (x86)\\Microsoft Office\\root\\Office16\\ADDINS\\ColleagueImport.dll\nBoot Time (Milliseconds): 125'




b'Windows is starting up.\n\nThis event is logged when LSASS.EXE starts and the auditing subsystem is initialized.'




b'User initiated logoff:\n\nSubject:\n\tSecurity ID:\t\tS-1-5-21-3807883594-4251767839-3946204069-1001\n\tAccount Name:\t\tanp-sec\n\tAccount Domain:\t\tDESKTOP-MAP17T3\n\tLogon ID:\t\t0x4E448\n\nThis event is generated when a logoff is initiated. No further user-initiated activity can occur. This event can be interpreted as a logoff event.'




b'A primary token was assigned to process.\n\nSubject:\n\tSecurity ID:\t\tS-1-5-18\n\tAccount Name:\t\t-\n\tAccount Domain:\t\t-\n\tLogon ID:\t\t0x3E7\n\nProcess Information:\n\tProcess ID:\t0x4\n\tProcess Name:\t\n\nTarget Process:\n\tTarget Process ID:\t0x68\n\tTarget Process Name:\tRegistry\n\nNew Token Information:\n\tSecurity ID:\t\tS-1-0-0\n\tAccount Name:\t\t-\n\tAccount Domain:\t\t-\n\tLogon ID:\t\t0x3E7'




b'A member was added to a security-enabled local group.\n\nSubject:\n\tSecurity ID:\t\tS-1-5-21-3807883594-4251767839-3946204069-1001\n\tAccount Name:\t\tanp-sec\n\tAccount Domain:\t\tDESKTOP-MAP17T3\n\tLogon ID:\t\t0x573B3\n\nMember:\n\tSecurity ID:\t\tS-1-1-0\n\tAccount Name:\t\t-\n\nGroup:\n\tSecurity ID:\t\tS-1-5-32-555\n\tGroup Name:\t\tRemote Desktop Users\n\tGroup Domain:\t\tBuiltin\n\nAdditional Information:\n\tPrivileges:\t\t-'




b'Boot Configuration Data loaded.\n\nSubject:\n\tSecurity ID:\t\tS-1-5-18\n\tAccount Name:\t\t-\n\tAccount Domain:\t\t-\n\tLogon ID:\t\t0x3E7\n\nGeneral Settings:\n\tLoad Options:\t\t-\n\tAdvanced Options:\t\tNo\n\tConfiguration Access Policy:\tDefault\n\tSystem Event Logging:\tNo\n\tKernel Debugging:\tNo\n\tVSM Launch Type:\tAuto\n\nSignature Settings:\n\tTest Signing:\t\tNo\n\tFlight Signing:\t\tNo\n\tDisable Integrity Checks:\tNo\n\nHyperVisor Settings:\n\tHyperVisor Load Options:\t-\n\tHyperVisor Launch Type:\tAuto\n\tHyperVisor Debugging:\tNo'




b'The Per-user audit policy table was created.\n\nNumber of Elements:\t0\nPolicy ID:\t0xB5E3'




b'arastoo'




b'DHCPv4 client service is started'




b'DHCPv4 client registered for shutdown notification'




b'DHCPv4 client received shutdown notification'




b'DHCPv4 client ProcessDHCPRequestForever received TERMINATE_EVENT'




b'DHCPv4 is waiting on DHCPv6 service to stop'




b'The Windows Firewall service started successfully.'




b'The Windows Firewall Driver started successfully.'




b'DHCPv6 client service is started'




b'DHCPv6 client service is stopped. ShutDown Flag value is 1'




b"The Windows Process Activation Service (WAS) started with 'Classic' mode using 'ConfigurationSystem'"




b'Windows Management Instrumentation Service started sucessfully'




b'Windows Management Instrumentation Service subsystems initialized successfully'




b'The winlogon notification subscriber <WSearch> was unavailable to handle a notification event.'




b'The Event log service was started.'




b'The Event log service was stopped.'




b'Microsoft (R) Windows (R) 10.00. 17763  Multiprocessor Free.'




b'If Digest support selected for iSCSI Session, Will use Processor support for Digest computation.'




b'User Logon Notification for Customer Experience Improvement Program'




b'User Logoff Notification for Customer Experience Improvement Program'




b'The Update Orchestrator Service service hung on starting.'




b'The following boot-start or system-start driver(s) did not load: \ndam'




b'The Touch Keyboard and Handwriting Panel Service service terminated unexpectedly.  It has done this 1 time(s).  The following corrective action will be taken in 0 milliseconds: Restart the service.'




b'arastoo'




b'Pipeline execution details for command line: Add-Type -AssemblyName System.Windows.Forms; [System.Windows.Forms.SystemInformation]::TerminalServerSession. \n\nContext Information: \n\tDetailSequence=1\n\tDetailTotal=1\n\n\tSequenceNumber=15\n\n\tUserId=DESKTOP-MAP17T3\\anp-sec\n\tHostName=ConsoleHost\n\tHostVersion=5.1.17763.2090\n\tHostId=7054e82a-eb28-41a6-a990-70a40ac423b5\n\tHostApplication=powershell.exe -NoLogo -InputFormat Text -NoExit -ExecutionPolicy Unrestricted -Command -\n\tEngineVersion=5.1.17763.2090\n\tRunspaceId=bbcc1191-f3f0-4447-b35a-40687c30a165\n\tPipelineId=5\n\tScriptName=\n\tCommandLine=Add-Type -AssemblyName System.Windows.Forms; [System.Windows.Forms.SystemInformation]::TerminalServerSession \n\nDetails: \nCommandInvocation(Add-Type): "Add-Type"\nParameterBinding(Add-Type): name="AssemblyName"; value="System.Windows.Forms"'




b'The Software Protection service has started.\n10.0.17763.2145'




b'The Software Protection service has stopped.'




b'start'




b"Restarting application or service 'Cisco AnyConnect Network Access Manager Logon Module'."




b'Product: Cisco AnyConnect Network Access Manager. Restart required. The installation or update for the product required a restart for all changes to take effect.  The restart was deferred to a later time.'




b"An error occured while refreshing environment variables updated during the installation of ''. Some users logged on to the machine may not see these changes until they log off and then log back on."




b'Windows Installer requires a system restart. Product Name: Cisco AnyConnect Network Access Manager. Product Version: 4.7.01076. Product Language: 1033. Manufacturer: Cisco Systems, Inc.. Type of System Restart: 2. Reason for Restart: 2.'




b'The system has resumed from sleep.'




b'Product: Cisco AnyConnect Secure Mobility Client -- Installation failed.'




b'Product: Oracle VM VirtualBox 6.1.18 -- Removal failed.'




b'Firmware S3 times. ResumeCount: 1, FullResume: 159, AverageResume: 159'




b"Service 'WMPNetworkSvc' stopped."




b'User-mode process attempted to change the system state by calling SetSuspendState or SetSystemPowerState APIs.'




b'Autoplay registration was skipped for device %1.'




b'Application popup: svchost.exe - Application Error : The exception unknown software exception (0xc0000008) occurred in the application at location 0x00007FFFC96C381A.\n\nClick on OK to terminate the program'




b'The system is entering sleep.\n\nSleep Reason: Application API'




b'System security access was granted to an account.\n\nSubject:\n\tSecurity ID:\t\tS-1-5-18\n\tAccount Name:\t\tDESKTOP-MAP17T3$\n\tAccount Domain:\t\tWORKGROUP\n\tLogon ID:\t\t0x3E7\n\nAccount Modified:\n\tAccount Name:\t\tS-1-5-111-3847866527-469524349-687026318-516638107-1125189541-9988\n\nAccess Granted:\n\tAccess Right:\t\tSeServiceLogonRight'




b'System security access was removed from an account.\n\nSubject:\n\tSecurity ID:\t\tS-1-5-18\n\tAccount Name:\t\tDESKTOP-MAP17T3$\n\tAccount Domain:\t\tWORKGROUP\n\tLogon ID:\t\t0x3E7\n\nAccount Modified:\n\tAccount Name:\t\tS-1-5-111-3847866527-469524349-687026318-516638107-1125189541-9988\n\nAccess Removed:\n\tAccess Right:\t\tSeServiceLogonRight'




b"A user account was created.\n\nSubject:\n\tSecurity ID:\t\tS-1-5-18\n\tAccount Name:\t\tDESKTOP-MAP17T3$\n\tAccount Domain:\t\tWORKGROUP\n\tLogon ID:\t\t0x3E7\n\nNew Account:\n\tSecurity ID:\t\tS-1-5-21-3807883594-4251767839-3946204069-1003\n\tAccount Name:\t\tciscoacvpnuser\n\tAccount Domain:\t\tDESKTOP-MAP17T3\n\nAttributes:\n\tSAM Account Name:\tciscoacvpnuser\n\tDisplay Name:\t\t<value not set>\n\tUser Principal Name:\t-\n\tHome Directory:\t\t<value not set>\n\tHome Drive:\t\t<value not set>\n\tScript Path:\t\t<value not set>\n\tProfile Path:\t\t<value not set>\n\tUser Workstations:\t<value not set>\n\tPassword Last Set:\t<never>\n\tAccount Expires:\t\t<never>\n\tPrimary Group ID:\t513\n\tAllowed To Delegate To:\t-\n\tOld UAC Value:\t\t0x0\n\tNew UAC Value:\t\t0x15\n\tUser Account Control:\t\n\t\tAccount Disabled\n\t\t'Password Not Required' - Enabled\n\t\t'Normal Account' - Enabled\n\tUser Parameters:\t<value not set>\n\tSID History:\t\t-\n\tLogon Hours:\t\tAll\n\nAdditional Information:\n\tPrivileges\t\t-"




b'A user account was enabled.\n\nSubject:\n\tSecurity ID:\t\tS-1-5-18\n\tAccount Name:\t\tDESKTOP-MAP17T3$\n\tAccount Domain:\t\tWORKGROUP\n\tLogon ID:\t\t0x3E7\n\nTarget Account:\n\tSecurity ID:\t\tS-1-5-21-3807883594-4251767839-3946204069-1003\n\tAccount Name:\t\tciscoacvpnuser\n\tAccount Domain:\t\tDESKTOP-MAP17T3'




b"An attempt was made to change an account's password.\n\nSubject:\n\tSecurity ID:\t\tS-1-5-21-3807883594-4251767839-3946204069-1001\n\tAccount Name:\t\tanp-sec\n\tAccount Domain:\t\tDESKTOP-MAP17T3\n\tLogon ID:\t\t0x57405\n\nTarget Account:\n\tSecurity ID:\t\tS-1-5-21-3807883594-4251767839-3946204069-1001\n\tAccount Name:\t\tanp-sec\n\tAccount Domain:\t\tDESKTOP-MAP17T3\n\nAdditional Information:\n\tPrivileges\t\t-"




b"An attempt was made to reset an account's password.\n\nSubject:\n\tSecurity ID:\t\tS-1-5-18\n\tAccount Name:\t\tDESKTOP-MAP17T3$\n\tAccount Domain:\t\tWORKGROUP\n\tLogon ID:\t\t0x3E7\n\nTarget Account:\n\tSecurity ID:\t\tS-1-5-21-3807883594-4251767839-3946204069-1003\n\tAccount Name:\t\tciscoacvpnuser\n\tAccount Domain:\t\tDESKTOP-MAP17T3"




b'A user account was deleted.\n\nSubject:\n\tSecurity ID:\t\tS-1-5-18\n\tAccount Name:\t\tDESKTOP-MAP17T3$\n\tAccount Domain:\t\tWORKGROUP\n\tLogon ID:\t\t0x3E7\n\nTarget Account:\n\tSecurity ID:\t\tS-1-5-21-3807883594-4251767839-3946204069-1003\n\tAccount Name:\t\tciscoacvpnuser\n\tAccount Domain:\t\tDESKTOP-MAP17T3\n\nAdditional Information:\n\tPrivileges\t-'




b'A member was added to a security-enabled global group.\n\nSubject:\n\tSecurity ID:\t\tS-1-5-18\n\tAccount Name:\t\tDESKTOP-MAP17T3$\n\tAccount Domain:\t\tWORKGROUP\n\tLogon ID:\t\t0x3E7\n\nMember:\n\tSecurity ID:\t\tS-1-5-21-3807883594-4251767839-3946204069-1003\n\tAccount Name:\t\t-\n\nGroup:\n\tSecurity ID:\t\tS-1-5-21-3807883594-4251767839-3946204069-513\n\tGroup Name:\t\tNone\n\tGroup Domain:\t\tDESKTOP-MAP17T3\n\nAdditional Information:\n\tPrivileges:\t\t-'




b'A member was removed from a security-enabled global group.\n\nSubject:\n\tSecurity ID:\t\tS-1-5-18\n\tAccount Name:\t\tDESKTOP-MAP17T3$\n\tAccount Domain:\t\tWORKGROUP\n\tLogon ID:\t\t0x3E7\n\nMember:\n\tSecurity ID:\t\tS-1-5-21-3807883594-4251767839-3946204069-1003\n\tAccount Name:\t\t-\n\nGroup:\n\tSecurity ID:\t\tS-1-5-21-3807883594-4251767839-3946204069-513\n\tGroup Name:\t\tNone\n\tGroup Domain:\t\tDESKTOP-MAP17T3\n\nAdditional Information:\n\tPrivileges:\t\t-'




b"A user account was changed.\n\nSubject:\n\tSecurity ID:\t\tS-1-5-18\n\tAccount Name:\t\tDESKTOP-MAP17T3$\n\tAccount Domain:\t\tWORKGROUP\n\tLogon ID:\t\t0x3E7\n\nTarget Account:\n\tSecurity ID:\t\tS-1-5-21-3807883594-4251767839-3946204069-1003\n\tAccount Name:\t\tciscoacvpnuser\n\tAccount Domain:\t\tDESKTOP-MAP17T3\n\nChanged Attributes:\n\tSAM Account Name:\tciscoacvpnuser\n\tDisplay Name:\t\tciscoacvpnuser\n\tUser Principal Name:\t-\n\tHome Directory:\t\t<value not set>\n\tHome Drive:\t\t<value not set>\n\tScript Path:\t\t<value not set>\n\tProfile Path:\t\t<value not set>\n\tUser Workstations:\t<value not set>\n\tPassword Last Set:\t8/25/2021 5:32:31 PM\n\tAccount Expires:\t\t<never>\n\tPrimary Group ID:\t513\n\tAllowedToDelegateTo:\t-\n\tOld UAC Value:\t\t0x15\n\tNew UAC Value:\t\t0x10\n\tUser Account Control:\t\n\t\tAccount Enabled\n\t\t'Password Not Required' - Disabled\n\tUser Parameters:\t-\n\tSID History:\t\t-\n\tLogon Hours:\t\tAll\n\nAdditional Information:\n\tPrivileges:\t\t-"




b'Cisco AnyConnect Secure Mobility Client Downloader (First - Minor VPN) exiting, version 4.10.01075 , return code 3 [0x00000003]'




b'svchost (9436,D,15) Unistore: A request to write to the file "C:\\Users\\anp-sec\\AppData\\Local\\Comms\\UnistoreDB\\tmp.edb" at offset 0 (0x0000000000000000) for 4096 (0x00001000) bytes succeeded, but took an abnormally long time (22 seconds) to be serviced by the OS. This problem is likely due to faulty hardware. Please contact your hardware vendor for further assistance diagnosing the problem.'




b'svchost (9436,D,0) Unistore: A request to write to the file "C:\\Users\\anp-sec\\AppData\\Local\\Comms\\UnistoreDB\\tmp.edb" at offset 0 (0x0000000000000000) for 4096 (0x00001000) bytes has not completed for 36 second(s). This problem is likely due to faulty hardware. Please contact your hardware vendor for further assistance diagnosing the problem.'




b'Vault credentials were read.\n\nSubject:\n\tSecurity ID:\t\tS-1-5-18\n\tAccount Name:\t\tDESKTOP-MAP17T3$\n\tAccount Domain:\t\tWORKGROUP\n\tLogon ID:\t\t0x3E7\n\nThis event occurs when a user reads a stored vault credential.'




b'The Update Orchestrator Service service terminated with the following error: \nThis operation returned because the timeout period expired.'




b'The Foxit Reader Update Service service is marked as an interactive service.  However, the system is configured to not allow interactive services.  This service may not function properly.'




b'puriaaa'




b'Successfully created scheduled restore point.'




