b"A user's local group membership was enumerated.\n\nSubject:\n\tSecurity ID:\t\tS-1-5-18\n\tAccount Name:\t\tDESKTOP-MAP17T3$\n\tAccount Domain:\t\tWORKGROUP\n\tLogon ID:\t\t0x3E7\n\nUser:\n\tSecurity ID:\t\tS-1-5-21-3807883594-4251767839-3946204069-501\n\tAccount Name:\t\tGuest\n\tAccount Domain:\t\tDESKTOP-MAP17T3\n\nProcess Information:\n\tProcess ID:\t\t0x4428\n\tProcess Name:\t\tC:\\Windows\\System32\\CompatTelRunner.exe"




b'Credential Manager credentials were read.\n\nSubject:\n\tSecurity ID:\t\tS-1-5-21-3807883594-4251767839-3946204069-1001\n\tAccount Name:\t\tanp-sec\n\tAccount Domain:\t\tDESKTOP-MAP17T3\n\tLogon ID:\t\t0x74414E\n\tRead Operation:\t\tEnumerate Credentials\n\nThis event occurs when a user performs a read operation on stored credentials in Credential Manager.'




b'An account was successfully logged on.\n\nSubject:\n\tSecurity ID:\t\tS-1-5-18\n\tAccount Name:\t\tDESKTOP-MAP17T3$\n\tAccount Domain:\t\tWORKGROUP\n\tLogon ID:\t\t0x3E7\n\nLogon Information:\n\tLogon Type:\t\t5\n\tRestricted Admin Mode:\t-\n\tVirtual Account:\t\tNo\n\tElevated Token:\t\tYes\n\nImpersonation Level:\t\tImpersonation\n\nNew Logon:\n\tSecurity ID:\t\tS-1-5-18\n\tAccount Name:\t\tSYSTEM\n\tAccount Domain:\t\tNT AUTHORITY\n\tLogon ID:\t\t0x3E7\n\tLinked Logon ID:\t\t0x0\n\tNetwork Account Name:\t-\n\tNetwork Account Domain:\t-\n\tLogon GUID:\t\t{00000000-0000-0000-0000-000000000000}\n\nProcess Information:\n\tProcess ID:\t\t0x390\n\tProcess Name:\t\tC:\\Windows\\System32\\services.exe\n\nNetwork Information:\n\tWorkstation Name:\t-\n\tSource Network Address:\t-\n\tSource Port:\t\t-\n\nDetailed Authentication Information:\n\tLogon Process:\t\tAdvapi  \n\tAuthentication Package:\tNegotiate\n\tTransited Services:\t-\n\tPackage Name (NTLM only):\t-\n\tKey Length:\t\t0\n\nThis event is generated when a logon session is created. It is generated on the computer that was accessed.\n\nThe subject fields indicate the account on the local system which requested the logon. This is most commonly a service such as the Server service, or a local process such as Winlogon.exe or Services.exe.\n\nThe logon type field indicates the kind of logon that occurred. The most common types are 2 (interactive) and 3 (network).\n\nThe New Logon fields indicate the account for whom the new logon was created, i.e. the account that was logged on.\n\nThe network fields indicate where a remote logon request originated. Workstation name is not always available and may be left blank in some cases.\n\nThe impersonation level field indicates the extent to which a process in the logon session can impersonate.\n\nThe authentication information fields provide detailed information about this specific logon request.\n\t- Logon GUID is a unique identifier that can be used to correlate this event with a KDC event.\n\t- Transited services indicate which intermediate services have participated in this logon request.\n\t- Package name indicates which sub-protocol was used among the NTLM protocols.\n\t- Key length indicates the length of the generated session key. This will be 0 if no session key was requested.'




b'Special privileges assigned to new logon.\n\nSubject:\n\tSecurity ID:\t\tS-1-5-18\n\tAccount Name:\t\tSYSTEM\n\tAccount Domain:\t\tNT AUTHORITY\n\tLogon ID:\t\t0x3E7\n\nPrivileges:\t\tSeAssignPrimaryTokenPrivilege\n\t\t\tSeTcbPrivilege\n\t\t\tSeSecurityPrivilege\n\t\t\tSeTakeOwnershipPrivilege\n\t\t\tSeLoadDriverPrivilege\n\t\t\tSeBackupPrivilege\n\t\t\tSeRestorePrivilege\n\t\t\tSeDebugPrivilege\n\t\t\tSeAuditPrivilege\n\t\t\tSeSystemEnvironmentPrivilege\n\t\t\tSeImpersonatePrivilege\n\t\t\tSeDelegateSessionUserImpersonatePrivilege'




b'A security-enabled local group membership was enumerated.\n\nSubject:\n\tSecurity ID:\t\tS-1-5-18\n\tAccount Name:\t\tDESKTOP-MAP17T3$\n\tAccount Domain:\t\tWORKGROUP\n\tLogon ID:\t\t0x3E7\n\nGroup:\n\tSecurity ID:\t\tS-1-5-32-551\n\tGroup Name:\t\tBackup Operators\n\tGroup Domain:\t\tBuiltin\n\nProcess Information:\n\tProcess ID:\t\t0x4f2c\n\tProcess Name:\t\tC:\\Windows\\System32\\svchost.exe'




b"The system time has changed to \xe2\x80\x8e2021\xe2\x80\x8e-\xe2\x80\x8e09\xe2\x80\x8e-\xe2\x80\x8e22T05:14:10.543899100Z from \xe2\x80\x8e2021\xe2\x80\x8e-\xe2\x80\x8e09\xe2\x80\x8e-\xe2\x80\x8e22T05:14:10.542943800Z.\n\nChange Reason: An application or system component changed the time.\nProcess: '\\Device\\HarddiskVolume4\\Windows\\System32\\svchost.exe' (PID 19844)."




b'Auditing settings on object were changed.\n\nSubject:\n\tSecurity ID:\t\tS-1-5-18\n\tAccount Name:\t\tDESKTOP-MAP17T3$\n\tAccount Domain:\t\tWORKGROUP\n\tLogon ID:\t\t0x3E7\n\nObject:\n\tObject Server:\tSecurity\n\tObject Type:\tFile\n\tObject Name:\tC:\\Windows\\WaaS\\services\\14a3f9e824793931d34f7f786a538bbc9ef1f0d6.xml\n\tHandle ID:\t0x60\n\nProcess Information:\n\tProcess ID:\t0x2a04\n\tProcess Name:\tC:\\Windows\\System32\\poqexec.exe\n\nAuditing Settings:\n\tOriginal Security Descriptor:\tS:AINO_ACCESS_CONTROL\n\tNew Security Descriptor:\t\tS:ARAI(AU;SAFA;DCLCRPCRSDWDWO;;;WD)'




b'The start type of the Background Intelligent Transfer Service service was changed from auto start to demand start.'




b'Provider "FileSystem" is Started. \n\nDetails: \n\tProviderName=FileSystem\n\tNewProviderState=Started\n\n\tSequenceNumber=7\n\n\tHostName=ConsoleHost\n\tHostVersion=5.1.17763.2183\n\tHostId=50daa6bf-c0a2-4000-8351-6e405bc10772\n\tHostApplication=powershell.exe -ExecutionPolicy Restricted -Command Write-Host \'Final result: 1\';\n\tEngineVersion=\n\tRunspaceId=\n\tPipelineId=\n\tCommandName=\n\tCommandType=\n\tScriptName=\n\tCommandPath=\n\tCommandLine='




b'The Software Protection service has successfully installed the license.\nLicense Title=Office2CD0EA7E-749F-4288-A05E-567C573B2A6C PPD License\nLicense Id=23fa6fb8-9513-f8d6-fbd7-cc10c25da532'




b'Successfully scheduled Software Protection service for re-start at 2021-10-18T05:32:54Z. Reason: RulesEngine.'




b'Offline downlevel migration succeeded.'




b'An account was logged off.\n\nSubject:\n\tSecurity ID:\t\tS-1-5-21-3807883594-4251767839-3946204069-1001\n\tAccount Name:\t\tanp-sec\n\tAccount Domain:\t\tDESKTOP-MAP17T3\n\tLogon ID:\t\t0x38AFF663\n\nLogon Type:\t\t\t7\n\nThis event is generated when a logon session is destroyed. It may be positively correlated with a logon event using the Logon ID value. Logon IDs are only unique between reboots on the same computer.'




b'A logon was attempted using explicit credentials.\n\nSubject:\n\tSecurity ID:\t\tS-1-5-21-3807883594-4251767839-3946204069-1001\n\tAccount Name:\t\tanp-sec\n\tAccount Domain:\t\tDESKTOP-MAP17T3\n\tLogon ID:\t\t0x74414E\n\tLogon GUID:\t\t{00000000-0000-0000-0000-000000000000}\n\nAccount Whose Credentials Were Used:\n\tAccount Name:\t\tAdministrator\n\tAccount Domain:\t\tWIN-VQ1M2FBIG8E\n\tLogon GUID:\t\t{00000000-0000-0000-0000-000000000000}\n\nTarget Server:\n\tTarget Server Name:\tFileShare\n\tAdditional Information:\tFileShare\n\nProcess Information:\n\tProcess ID:\t\t0x3ac\n\tProcess Name:\t\tC:\\Windows\\System32\\lsass.exe\n\nNetwork Information:\n\tNetwork Address:\t-\n\tPort:\t\t\t-\n\nThis event is generated when a process attempts to log on an account by explicitly specifying that account\xe2\x80\x99s credentials.  This most commonly occurs in batch-type configurations such as scheduled tasks, or when using the RUNAS command.'




b'The rules engine successfully re-evaluated the schedule.\nKernel policies:\nSecurity-SPP-Action-StateData (REG_SZ) =AppId=55c92734-d682-4d71-983e-d6ec3f16059f;LastConsumptionReason=0x4004f401;LastNotificationId=Cleanup;LicenseState=SL_LICENSING_STATUS_LICENSED;PartialProductKey=P39PB;ProductKeyType=OEM:NONSLP;SkuId=d06934ee-5448-4fd1-964a-cd077618aa06;ruleId=379cccfb-d4e0-48fe-b0f2-0136097be147;uxDifferentiator=OEM_COA_NSLP'




b'The Cisco AnyConnect Secure Mobility ISE Posture Agent service failed to start due to the following error: \nThe service did not respond to the start or control request in a timely fashion.'




b"Application 'C:\\Program Files (x86)\\Cisco\\Cisco AnyConnect Secure Mobility Client\\aciseposture.exe' (pid 1764) cannot be restarted - Application SID does not match Conductor SID.."




b'Starting session 0 - \xe2\x80\x8e2021\xe2\x80\x8e-\xe2\x80\x8e09\xe2\x80\x8e-\xe2\x80\x8e21T09:46:15.000552500Z.'




b'The Software Protection service has completed licensing status check.\nApplication Id=0ff1ce15-a989-479d-af46-f275c6370663\nLicensing Status=\n1: 9caabccb-61b1-4b4b-8bec-d10a3c3ac2ce, 1, 1 [(0 [0x00000000, 1, 0], [(?)( 1 0x00000000)(?)( 2 0x00000000 0 0 msft:rm/algorithm/volume/1.0 0x00000000 257365)(?)(?)(?)(?)])(1 )(2 )(3 )]'




b'Name resolution for the name api.protonvpn.ch timed out after none of the configured DNS servers responded.'




b'The application-specific permission settings do not grant Local Activation permission for the COM Server application with CLSID \n{2593F8B9-4EAF-457C-B68A-50F6B8EA6B54}\n and APPID \n{15C20B67-12E7-4BB6-92BB-7AFF07997402}\n to the user DESKTOP-MAP17T3\\anp-sec SID (S-1-5-21-3807883594-4251767839-3946204069-1001) from address LocalHost (Using LRPC) running in the application container Unavailable SID (Unavailable). This security permission can be modified using the Component Services administrative tool.'




b'The access history in hive \\??\\C:\\Users\\DefaultAppPool\\AppData\\Local\\Microsoft\\Windows\\UsrClass.dat was cleared updating 4 keys and creating 1 modified pages.'




b'The rules engine reported a failed VL activation attempt.\nReason:0x8007007B\nAppId = 0ff1ce15-a989-479d-af46-f275c6370663, SkuId = 9caabccb-61b1-4b4b-8bec-d10a3c3ac2ce\nTrigger=TimerEvent'




b'The system time was changed.\n\nSubject:\n\tSecurity ID:\t\tS-1-5-19\n\tAccount Name:\t\tLOCAL SERVICE\n\tAccount Domain:\t\tNT AUTHORITY\n\tLogon ID:\t\t0x3E5\n\nProcess Information:\n\tProcess ID:\t0x4d84\n\tName:\t\tC:\\Windows\\System32\\svchost.exe\n\nPrevious Time:\t\t\xe2\x80\x8e2021\xe2\x80\x8e-\xe2\x80\x8e09\xe2\x80\x8e-\xe2\x80\x8e22T05:14:10.542943800Z\nNew Time:\t\t\xe2\x80\x8e2021\xe2\x80\x8e-\xe2\x80\x8e09\xe2\x80\x8e-\xe2\x80\x8e22T05:14:10.543899100Z\n\nThis event is generated when the system time is changed. It is normal for the Windows Time Service, which runs with System privilege, to change the system time on a regular basis. Other system time changes may be indicative of attempts to tamper with the computer.'




b'The Group Policy settings for the computer were processed successfully. New settings from 1 Group Policy objects were detected and applied.'




b'Function: CThread::invokeRun\nFile: c:\\temp\\build\\thehoff\\phoenix_mr10.367623024249\\phoenix_mr1\\vpn\\common\\utility\\thread.cpp\nLine: 463\nInvoked Function: IRunnable::Run\nReturn Code: 3 (0x00000003)\nDescription: The system cannot find the path specified.'




b"Engine state is changed from None to Available. \n\nDetails: \n\tNewEngineState=Available\n\tPreviousEngineState=None\n\n\tSequenceNumber=13\n\n\tHostName=ConsoleHost\n\tHostVersion=5.1.17763.2183\n\tHostId=50daa6bf-c0a2-4000-8351-6e405bc10772\n\tHostApplication=powershell.exe -ExecutionPolicy Restricted -Command Write-Host 'Final result: 1';\n\tEngineVersion=5.1.17763.2183\n\tRunspaceId=ca588bb4-aaef-4316-91af-29d241bf9742\n\tPipelineId=\n\tCommandName=\n\tCommandType=\n\tScriptName=\n\tCommandPath=\n\tCommandLine="




b'An attempt was made to query the existence of a blank password for an account.\n\nSubject:\n\tSecurity ID:\t\tS-1-5-21-3807883594-4251767839-3946204069-1001\n\tAccount Name:\t\tanp-sec\n\tAccount Domain:\t\tDESKTOP-MAP17T3\n\tLogon ID:\t\t0x74414E\n\nAdditional Information:\n\tCaller Workstation:\tDESKTOP-MAP17T3\n\tTarget Account Name:\tWDAGUtilityAccount\n\tTarget Account Domain:\tDESKTOP-MAP17T3'




b'The EventSystem sub system is suppressing duplicate event log entries for a duration of 86400 seconds.  The suppression timeout can be controlled by a REG_DWORD value named SuppressDuplicateDuration under the following registry key: HKLM\\Software\\Microsoft\\EventSystem\\EventLog.'




b"Omitted duplicate property.\nKeeping: 'Microsoft.Visio.MastersKeywords' ({A4790B72-7113-4348-97EA-292BBC1F6770} 5)  Publisher: 'Microsoft'  Product: 'Windows'  URL: 'windowspropertydescriptions'\nOmitting: 'Microsoft.Visio.MastersKeywords' ({A4790B72-7113-4348-97EA-292BBC1F6770} 5)  Publisher: 'Microsoft'  Product: 'Visio'  URL: 'visiocustom.propdesc'"




b'Windows Installer installed the product. Product Name: Cisco AnyConnect Posture Module. Product Version: 4.10.01075. Product Language: 1033. Manufacturer: Cisco Systems, Inc.. Installation success or error status: 0.'




b"Engine state is changed from Available to Stopped. \n\nDetails: \n\tNewEngineState=Stopped\n\tPreviousEngineState=Available\n\n\tSequenceNumber=15\n\n\tHostName=ConsoleHost\n\tHostVersion=5.1.17763.2183\n\tHostId=50daa6bf-c0a2-4000-8351-6e405bc10772\n\tHostApplication=powershell.exe -ExecutionPolicy Restricted -Command Write-Host 'Final result: 1';\n\tEngineVersion=5.1.17763.2183\n\tRunspaceId=ca588bb4-aaef-4316-91af-29d241bf9742\n\tPipelineId=\n\tCommandName=\n\tCommandType=\n\tScriptName=\n\tCommandPath=\n\tCommandLine="




b'Machine restart is required.'




b'Ending session 0 started \xe2\x80\x8e2021\xe2\x80\x8e-\xe2\x80\x8e09\xe2\x80\x8e-\xe2\x80\x8e21T09:46:15.000552500Z.'




b'The system uptime is 566755 seconds.'




b'Beginning a Windows Installer transaction: C:\\ProgramData\\Cisco\\Cisco AnyConnect Secure Mobility Client\\Temp\\Installer\\12072.tmp\\anyconnect-win-4.10.01075-posture-webdeploy-k9.msi. Client Process Id: 17896.'




b'Ending a Windows Installer transaction: C:\\ProgramData\\Cisco\\Cisco AnyConnect Secure Mobility Client\\Temp\\Installer\\12072.tmp\\anyconnect-win-4.10.01075-posture-webdeploy-k9.msi. Client Process Id: 17896.'




b'Hive \\SystemRoot\\System32\\config\\DRIVERS was reorganized with a starting size of 3899392 bytes and an ending size of 3792896 bytes.'




b'A timeout was reached (30000 milliseconds) while waiting for the Cisco AnyConnect Secure Mobility ISE Posture Agent service to connect.'




b'A service was installed in the system.\n\nService Name:  Cisco Security Service\nService File Name:  "C:\\Program Files (x86)\\Cisco\\Cisco HostScan\\bin\\ciscod.exe"\nService Type:  user mode service\nService Start Type:  auto start\nService Account:  LocalSystem'




b'The time service is now synchronizing the system time with the time source time.windows.com,0x9 (ntp.m|0x9|0.0.0.0:123->20.101.57.9:123) with reference id 154756372. Current local stratum number is 4.'




b"The time provider 'VMICTimeProvider' has indicated that the current hardware and operating environment is not supported and has stopped. This behavior is expected for VMICTimeProvider on non-HyperV-guest environments. This may be the expected behavior for the current provider in the current operating environment as well."




b'The time provider NtpClient is currently receiving valid time data from time.windows.com,0x9 (ntp.m|0x9|0.0.0.0:123->20.101.57.9:123).'




b'Product: Cisco AnyConnect Posture Module -- Installation completed successfully.'




b'A new process has been created.\n\nCreator Subject:\n\tSecurity ID:\t\tS-1-5-18\n\tAccount Name:\t\t-\n\tAccount Domain:\t\t-\n\tLogon ID:\t\t0x3E7\n\nTarget Subject:\n\tSecurity ID:\t\tS-1-0-0\n\tAccount Name:\t\t-\n\tAccount Domain:\t\t-\n\tLogon ID:\t\t0x0\n\nProcess Information:\n\tNew Process ID:\t\t0x3ac\n\tNew Process Name:\tC:\\Windows\\System32\\lsass.exe\n\tToken Elevation Type:\t%%1936\n\tMandatory Label:\t\tS-1-16-16384\n\tCreator Process ID:\t0x314\n\tCreator Process Name:\tC:\\Windows\\System32\\wininit.exe\n\tProcess Command Line:\t\n\nToken Elevation Type indicates the type of token that was assigned to the new process in accordance with User Account Control policy.\n\nType 1 is a full token with no privileges removed or groups disabled.  A full token is only used if User Account Control is disabled or if the user is the built-in Administrator account or a service account.\n\nType 2 is an elevated token with no privileges removed or groups disabled.  An elevated token is used when User Account Control is enabled and the user chooses to start the program using Run as administrator.  An elevated token is also used when an application is configured to always require administrative privilege or to always require maximum privilege, and the user is a member of the Administrators group.\n\nType 3 is a limited token with administrative privileges removed and administrative groups disabled.  The limited token is used when User Account Control is enabled, the application does not require administrative privilege, and the user does not choose to start the program using Run as administrator.'




b'The Desktop Window Manager has registered the session port.'




b'The VSS service is shutting down due to idle timeout. '




b'The storage optimizer successfully completed boot optimization on (C:)'




b"File System Filter 'storqosflt' (10.0, \xe2\x80\x8e1992\xe2\x80\x8e-\xe2\x80\x8e02\xe2\x80\x8e-\xe2\x80\x8e07T12:40:35.000000000Z) has successfully loaded and registered with Filter Manager."




b'Fault bucket 1495423499097386185, type 5\nEvent Name: RADAR_PRE_LEAK_WOW64\nResponse: Not available\nCab Id: 0\n\nProblem signature:\nP1: firefox.exe\nP2: 92.0.0.7916\nP3: 10.0.17763.2.0.0\nP4: \nP5: \nP6: \nP7: \nP8: \nP9: \nP10: \n\nAttached files:\n\\\\?\\C:\\Users\\anp-sec\\AppData\\Local\\Temp\\RDRA885.tmp\\empty.txt\n\\\\?\\C:\\ProgramData\\Microsoft\\Windows\\WER\\Temp\\WERA8E3.tmp.WERInternalMetadata.xml\n\\\\?\\C:\\ProgramData\\Microsoft\\Windows\\WER\\Temp\\WERA961.tmp.xml\n\\\\?\\C:\\ProgramData\\Microsoft\\Windows\\WER\\Temp\\WERA9AB.tmp.csv\n\\\\?\\C:\\ProgramData\\Microsoft\\Windows\\WER\\Temp\\WERA9DA.tmp.txt\n\nThese files may be available here:\n\n\nAnalysis symbol: \nRechecking for solution: 0\nReport Id: 528a41bf-0785-4a62-9b4f-21a8e4b78bab\nReport Status: 268435456\nHashed bucket: 14d652479deb5e1974c0cfbfd478acc9\nCab Guid: 0'




b'Volume \\\\?\\Volume{59a38ed8-cf14-4138-a23e-ce5f8e6a2edb} (\\Device\\HarddiskVolume1) is healthy.  No action is needed.'




b'TxR init phase for hive \\??\\GLOBALROOT\\Device\\HarddiskVolumeShadowCopy2\\Windows\\System32\\config\\DRIVERS (TM: {bdded464-1657-11ec-a9fe-f80f416fd517}, RM: {bdded463-1657-11ec-a9fe-f80f416fd517}) finished with result=0xC00000A2 (Internal code=7).'




b'Process C:\\Windows\\WinSxS\\amd64_microsoft-windows-servicingstack_31bf3856ad364e35_10.0.17763.2170_none_570908999903d0b1\\TiWorker.exe (process ID:2916) reset policy scheme from {8c5e7fda-e8bf-4a96-9a85-a6e23a8c635c} to {8c5e7fda-e8bf-4a96-9a85-a6e23a8c635c}'




b'arastoo'




b'arastoo'




b"Shutting down application or service 'Cisco AnyConnect Network Access Manager Logon Module'."




b'Duplicate definition of policy found. Policy name=Security-SPP-WriteWauMarker  Priority=500'




b'CoId={BC54FCAD-D9F0-4803-8B7E-7E8F47991E24}: The user DESKTOP-MAP17T3\\anp-sec is trying to establish a link to the Remote Access Server for the connection named rus1.freevpn4you.net using the following device: \nServer address/Phone Number = 185.186.142.161\nDevice = WAN Miniport (PPTP)\nPort = VPN4-1\nMediaType = VPN.'




b'Windows PowerShell has started an IPC listening thread on process: 10724 in AppDomain: DefaultAppDomain.'




b'PowerShell console is starting up'




b'PowerShell console is ready for user input'




b'Cryptographic operation.\n\nSubject:\n\tSecurity ID:\t\tS-1-5-18\n\tAccount Name:\t\tDESKTOP-MAP17T3$\n\tAccount Domain:\t\tWORKGROUP\n\tLogon ID:\t\t0x3E7\n\nCryptographic Parameters:\n\tProvider Name:\tMicrosoft Software Key Storage Provider\n\tAlgorithm Name:\tUNKNOWN\n\tKey Name:\t311682B5E34134DB521E33F6FE1B284B9929D470\n\tKey Type:\tUser key.\n\nCryptographic Operation:\n\tOperation:\tOpen Key.\n\tReturn Code:\t0x80090016'




b'Driver Management concluded the process to install driver vpnva-6.inf_amd64_f73c5a339bf7c27d for Device Instance ID ROOT\\NET\\0002 with the following status: 0x0.'




b'Key file operation.\n\nSubject:\n\tSecurity ID:\t\tS-1-5-19\n\tAccount Name:\t\tLOCAL SERVICE\n\tAccount Domain:\t\tNT AUTHORITY\n\tLogon ID:\t\t0x3E5\n\nProcess Information:\n\tProcess ID:\t\t6744\n\tProcess Creation Time:\t\xe2\x80\x8e2021\xe2\x80\x8e-\xe2\x80\x8e09\xe2\x80\x8e-\xe2\x80\x8e15T19:08:26.731649100Z\n\nCryptographic Parameters:\n\tProvider Name:\tMicrosoft Software Key Storage Provider\n\tAlgorithm Name:\tUNKNOWN\n\tKey Name:\td729cc38296eef9e\n\tKey Type:\tUser key.\n\nKey File Operation Information:\n\tFile Path:\tC:\\Windows\\ServiceProfiles\\LocalService\\AppData\\Roaming\\Microsoft\\Crypto\\Keys\\4b86e5ba989bd574aec494527e3fa8ee_7c93eb82-b34c-41f7-a0eb-640d79512df6\n\tOperation:\tRead persisted key from file.\n\tReturn Code:\t0x0'




b'svchost (12264,P,98) DS_Token_DB: The database engine (10.00.17763.0000) is starting a new instance (0).'




b'svchost (12264,D,0) DS_Token_DB: The database engine started a new instance (0). (Time=1 seconds) \n \nAdditional Data:\n lgposV2[] = 0000000A:0002:0000 - 0000000A:0004:002B - 0000000A:0005:0000 - 0000000A:0005:0000 (00000000:0000:0000)\ncReInits = 1\n \n \nInternal Timing Sequence: \n[1] 0.044329 +J(0) +M(C:0K, Fs:217, WS:856K # 856K, PF:3312K # 3312K, P:3312K)\n[2] 0.000266 +J(0) +M(C:8K, Fs:97, WS:376K # 376K, PF:316K # 316K, P:316K)\n[3] 0.000017 +J(0) +M(C:0K, Fs:4, WS:16K # 16K, PF:64K # 64K, P:64K)\n[4] 0.000096 +J(0) +M(C:0K, Fs:23, WS:88K # 88K, PF:164K # 164K, P:164K)\n[5] 0.001091 +J(0) +M(C:0K, Fs:9, WS:36K # 36K, PF:20K # 20K, P:20K)\n[6] 0.022315 +J(0) +M(C:0K, Fs:35, WS:140K # 140K, PF:20K # 20K, P:20K)\n[7] 0.012807 -0.009766 (2) WT +J(0) +M(C:0K, Fs:30, WS:120K # 120K, PF:64K # 64K, P:64K)\n[8] 0.215011 -0.080366 (11) WT +J(CM:0, PgRf:0, Rd:0/0, Dy:0/0, Lg:16224/10) +M(C:0K, Fs:130, WS:364K # 364K, PF:252K # 256K, P:252K)\n[9] 0.000673 +J(0) +M(C:0K, Fs:6, WS:20K # 20K, PF:-4K # 0K, P:-4K)\n[10] 0.000530 -0.000249 (1) WT +J(0) +M(C:0K, Fs:14, WS:-4K # 16K, PF:-8K # 44K, P:-8K)\n[11] 0.000022 +J(CM:0, PgRf:0, Rd:0/0, Dy:0/0, Lg:49/1) +M(C:0K, Fs:2, WS:8K # 0K, PF:0K # 0K, P:0K)\n[12] 0.085477 -0.000870 (1) WT +J(0) +M(C:0K, Fs:1, WS:4K # 0K, PF:0K # 0K, P:0K)\n[13] 0.622603 -0.001271 (2) CM -0.082177 (23) WT +J(CM:2, PgRf:2, Rd:0/2, Dy:0/0, Lg:8759/5) +M(C:0K, Fs:63, WS:132K # 188K, PF:164K # 172K, P:164K)\n[14] 0.000043 +J(0) +M(C:0K, Fs:1, WS:4K # 0K, PF:4K # 0K, P:4K)\n[15] 0.000013 +J(0)\n[16] 0.000379 -0.000195 (1) WT +J(0) +M(C:0K, Fs:2, WS:0K # 0K, PF:0K # 0K, P:0K).'




b'Driver Management has concluded the process to add Service wintun for Device Instance ID ROOT\\NET\\0003 with the following status: 0.'




b'svchost (12264,D,50) DS_Token_DB: The database engine attached a database (1, C:\\Windows\\system32\\config\\systemprofile\\AppData\\Local\\DataSharing\\Storage\\DSTokenDB2.dat). (Time=0 seconds) \n \nSaved Cache: 1 0 \nAdditional Data: lgposAttach = 0000000A:0007:0268 \n \nInternal Timing Sequence: \n[1] 0.000005 +J(0)\n[2] 0.001153 -0.000922 (1) WT +J(0) +M(C:0K, Fs:17, WS:4K # 4K, PF:4K # 0K, P:4K)\n[3] 0.227151 -0.049412 (6) WT +J(CM:0, PgRf:0, Rd:0/0, Dy:0/0, Lg:3480/2) +M(C:0K, Fs:10, WS:36K # 0K, PF:32K # 0K, P:32K)\n[4] 0.041594 +J(0)\n[5] -\n[6] -\n[7] -\n[8] 0.041736 -0.041546 (2) CM -0.041413 (2) WT +J(CM:2, PgRf:2, Rd:4/2, Dy:0/0, Lg:0/0) +M(C:8K, Fs:2, WS:8K # 0K, PF:8K # 0K, P:8K)\n[9] 0.051041 -0.050682 (5) CM -0.050349 (5) WT +J(CM:5, PgRf:23, Rd:0/5, Dy:0/0, Lg:0/0) +M(C:0K, Fs:25, WS:92K # 72K, PF:196K # 180K, P:196K)\n[10] 0.000587 -0.000435 (2) CM -0.000323 (2) WT +J(CM:2, PgRf:40, Rd:0/2, Dy:0/0, Lg:0/0) +M(C:0K, Fs:1, WS:4K # 4K, PF:64K # 56K, P:64K)\n[11] 0.000015 +J(CM:0, PgRf:1, Rd:0/0, Dy:0/0, Lg:0/0) +M(C:0K, Fs:1, WS:4K # 4K, PF:0K # 0K, P:0K)\n[12] 0.000043 +J(CM:0, PgRf:42, Rd:0/0, Dy:0/0, Lg:0/0) +M(C:0K, Fs:5, WS:20K # 20K, PF:0K # 0K, P:0K)\n[13] 0.000001 +J(0)\n[14] 0.0 +J(0)\n[15] 0.000005 +J(CM:0, PgRf:1, Rd:0/0, Dy:0/0, Lg:0/0).'




b'puria'




b'Processor 3 in group 0 exposes the following power management capabilities:\n\nIdle state type: ACPI Idle (C) States (3 state(s))\n\nPerformance state type: ACPI Performance (P) / Throttle (T) States\nNominal Frequency (MHz): 3300\nMaximum performance percentage: 100\nMinimum performance percentage: 48\nMinimum throttle percentage: 5'




b'nima'




b'The client has sent an activation request to the key management service machine.\nInfo:\n0x00000000, 0x00000000, 1.2.3.4:1688, d871f97f-0238-4bcc-831f-374e9c8c67b9, 2021/09/18 05:33, 0, 1, 244799, d450596f-894d-49e0-966a-fd39ed4c4c64, 5'




b'The client has processed an activation response from the key management service machine.\nInfo:\n0x00000000, 0x00000000, 1, 0, 10, 43200, 43200, 2021/09/18 05:33'




b'The bootmgr spent 0 ms waiting for user input.'




b'An attempt was made to register a security event source.\n\nSubject :\n\tSecurity ID:\t\tS-1-5-18\n\tAccount Name:\t\tDESKTOP-MAP17T3$\n\tAccount Domain:\t\tWORKGROUP\n\tLogon ID:\t\t0x3E7\n\nProcess:\n\tProcess ID:\t0x28fc\n\tProcess Name:\tC:\\Windows\\System32\\VSSVC.exe\n\nEvent Source:\n\tSource Name:\tVSSAudit\n\tEvent Source ID:\t0xA2CA9910'




b'An attempt was made to unregister a security event source.\n\nSubject\n\tSecurity ID:\t\tS-1-5-18\n\tAccount Name:\t\tDESKTOP-MAP17T3$\n\tAccount Domain:\t\tWORKGROUP\n\tLogon ID:\t\t0x3E7\n\nProcess:\n\tProcess ID:\t0x28fc\n\tProcess Name:\tC:\\Windows\\System32\\VSSVC.exe\n\nEvent Source:\n\tSource Name:\tVSSAudit\n\tEvent Source ID:\t0xA2CA9910'




b'The winlogbeat service terminated unexpectedly.  It has done this 1 time(s).'




b'Successfully created restore point (Process = C:\\Windows\\system32\\svchost.exe -k netsvcs -p -s wuauserv; Description = Windows Update).'




b'Skipping creation of restore point (Process = C:\\Windows\\system32\\svchost.exe -k netsvcs -p -s wuauserv; Description = Windows Update) as there is a restore point avaliable which is recent enough for System Restore.'




b'Scoping started for shadowcopy \\\\?\\GLOBALROOT\\Device\\HarddiskVolumeShadowCopy8.'




b'Scoping completed for shadowcopy \\\\?\\GLOBALROOT\\Device\\HarddiskVolumeShadowCopy8.'




b'Scoping successfully completed for shadowcopy \\\\?\\GLOBALROOT\\Device\\HarddiskVolumeShadowCopy8.'




b'Windows Search Service stopped normally.'




b'Installation of the Proof of Purchase failed. 0xC004F069\nPartial Pkey=XQBR2\nACID=?\nDetailed Error[?]'




b"The monitored folders on media server 'anp-sec' changed.  Windows Media Player is updating security permissions for any included folders to enable media sharing."




b'CoId={BC54FCAD-D9F0-4803-8B7E-7E8F47991E24}: The user DESKTOP-MAP17T3\\anp-sec has started dialing a VPN connection using a per-user connection profile named rus1.freevpn4you.net. The connection settings are: \nDial-in User = freevpn4you\nVpnStrategy = IKEv2 , SSTP , PPTP then L2TP\nDataEncryption = Requested\nPrerequisiteEntry = \nAutoLogon = No\nUseRasCredentials = Yes\nAuthentication Type = EAP \nIpv4DefaultGateway = Yes\nIpv4AddressAssignment = By Server\nIpv4DNSServerAssignment = By Server\nIpv6DefaultGateway = Yes\nIpv6AddressAssignment = By Server\nIpv6DNSServerAssignment = By Server\nIpDnsFlags = \nIpNBTEnabled = Yes\nUseFlags = Private Connection\nConnectOnWinlogon = No\nIPsec authentication for L2TP = Machine certificate\nMobility enabled for IKEv2 = Yes.'




b'CoId={BC54FCAD-D9F0-4803-8B7E-7E8F47991E24}: The user DESKTOP-MAP17T3\\anp-sec has successfully established a link to the Remote Access Server using the following device: \nServer address/Phone Number = 185.186.142.161\nDevice = WAN Miniport (PPTP)\nPort = VPN4-1\nMediaType = VPN.'




b'CoId={BC54FCAD-D9F0-4803-8B7E-7E8F47991E24}: The link to the Remote Access Server has been established by user DESKTOP-MAP17T3\\anp-sec.'




b'Creating Scriptblock text (1 of 1):\n# Copyright \xc2\xa9 2008, Microsoft Corporation. All rights reserved.\n\n\n#Common utility functions\nImport-LocalizedData -BindingVariable localizationString -FileName CL_LocalizationData\n\n# Function to get user troubleshooting history\nfunction Get-UserTSHistoryPath {\n    return "${env:localappdata}\\diagnostics"\n}\n\n# Function to get admin troubleshooting history\nfunction Get-AdminTSHistoryPath {\n    return "${env:localappdata}\\elevateddiagnostics"\n}\n\n# Function to get user report folder path\nfunction Get-UserReportPath {\n    return "${env:localappdata}\\Microsoft\\Windows\\WER\\ReportQueue"\n}\n\n# Function to get system report folder path\nfunction Get-MachineReportPath {\n    return "${env:AllUsersProfile}\\Microsoft\\Windows\\WER\\ReportQueue"\n}\n\n# Function to get threshold to check whether a folder is old\nfunction Get-ThresholdForCheckOlderFile {\n    [int]$threshold = -1\n    return $threshold\n}\n\n# Function to get threshold for deleting WER folder\nfunction Get-ThresholdForFileDeleting() {\n    [string]$registryEntryPath = "HKLM:\\SOFTWARE\\Microsoft\\Windows\\Windows Error Reporting"\n    [string]$registryEntryName = "PurgeThreshholdValueInKB"\n    [double]$defaultValue = 10.0\n\n    return Get-RegistryValue $registryEntryPath $registryEntryName $defaultValue\n}\n\n# Function to get the size of a directory in kb\nfunction Get-FolderSize([string]$folder = $(throw "No folder is specified")) {\n    if([String]::IsNullOrEmpty($folder) -or (-not(Test-Path $folder))) {\n        return 0\n    }\n\n    if(-not $Global:DirectoryObject) {\n        $Global:DirectoryObject = New-Object -comobject "Scripting.FileSystemObject"\n    }\n\n    return ($Global:DirectoryObject.GetFolder($folder).Size) / 1kb\n}\n\n# Function to delete a folder\nfunction Delete-Folder([string]$folder = $(throw "No folder is specified")) {\n    if([String]::IsNullOrEmpty($folder) -or (-not(Test-Path $folder))) {\n        return\n    }\n\n    Remove-Item -literalPath $folder -Recurse -Force\n}\n\n# Function to delete old folders\nfunction Delete-OldFolders($folder=$(throw "No folder is specified")) {\n    if(($folder -eq $null) -or (-not(Test-Path $folder))) {\n        return\n    }\n\n    [int]$threshold = Get-ThresholdForCheckOlderFile\n    $folders = Get-ChildItem -LiteralPath ($folder.FullName) -Force | Where-Object {$_.PSIsContainer}\n    if($folders -ne $null) {\n        foreach($folder in $folders) {\n            if((($folder.CreationTime).CompareTo((Get-Date).AddMonths($threshold))) -lt 0) {\n                Delete-Folder ($folder.FullName)\n            } else {\n                Delete-OldFolders (Get-Item ($folder.FullName))\n            }\n        }\n    }\n}\n\n# Function to get registry value\nfunction Get-RegistryValue([string]$registryEntryPath = $(throw "No registry entry path is specified"), [string]$registryEntryName = $(throw "No registry entry name is specified"), [double]$defaultValue = 0.0) {\n    [double]$registryEntryValue = $defaultValue\n\n    $registryEntry = Get-ItemProperty -Path $registryEntryPath -Name $registryEntryName\n    if($registryEntry -ne $null) {\n        $registryEntryValue = $registryEntry.$registryEntryName\n    }\n\n\treturn $registryEntryValue\n}\n\n# Function to get the percentage that WER queue can take up\nfunction Get-Percentage() {\n    [string]$registryEntryPath = "HKLM:\\SOFTWARE\\Microsoft\\Windows\\Windows Error Reporting"\n    [string]$registryEntryName = "MaxQueueSizePercentage"\n    [double]$defaultValue = 100.0\n\n    return Get-RegistryValue $registryEntryPath $registryEntryName $defaultValue\n}\n\n# Function to get free disk space on machine\nfunction Get-FreeSpace {\n    [double]$freeSpace = 0.0\n    [string]$wql = "SELECT * FROM Win32_LogicalDisk WHERE MediaType=12"\n    $drives = Get-WmiObject -query $wql\n    if($null -ne $drives) {\n        foreach($drive in $drives) {\n            $freeSpace += ($drive.freeSpace)\n        }\n    }\n\n    return ($freeSpace / 1KB)\n}\n\n# Function to get all unnecessary files\nfunction Get-UnnecessaryFiles([string]$folder = $(throw "No folder is specified")) {\n    if([String]::IsNullOrEmpty($folder) -or (-not(Test-Path $folder))) {\n        return $null\n    }\n\n    [int]$threshold = Get-ThresholdForCheckOlderFile\n\n    return (Get-ChildItem -literalPath $folder -Recurse -Force | Where-Object {($_.PSIsContainer) -and ((($_.CreationTime).CompareTo((Get-Date).AddMonths($threshold))) -lt 0)})\n}\n\n# Function to format disk space (KB -> MB)\nfunction Format-DiskSpaceMB([double]$space = $(throw "No space is specified")) {\n    return [string]([Math]::Round(($space / 1KB), 3))\n}\n\n# Function to format disk space (B -> GB)\nFunction Format-DiskSpaceGB([double]$space = $(throw "No space is specified")) {\n    return [string]([Math]::Round(($space / 1GB), 3))\n}\n\n# Function to attach item to the list with delimiter "/"\nfunction AttachTo-List([string]$list = $(throw "No list is specified"), [string]$item = $(throw "No item is specified"))\n{\n    if([String]::IsNullOrEmpty($list))\n    {\n        return $item\n    }\n\n    if([String]::IsNullOrEmpty($item))\n    {\n        return $list\n    }\n\n    return $list + "/" + $item\n}\n\n# Function to parse the the list with delimiter "/"\nfunction Parse-List([string]$list = $(throw "No list is specified"))\n{\n    if($list -eq $null)\n    {\n        return $null\n    }\n\n    return $list.Split("/", [StringSplitOptions]::RemoveEmptyEntries)\n}\n\n# Function to get list length\nfunction Get-ListLength([string]$list = $(throw "No list is specified"))\n{\n    if($list -eq $null)\n    {\n        return 0\n    }\n\n    $result = Parse-List $list\n\n    if($result -is [string])\n    {\n        return 1\n    }\n    elseif($result -is [object[]])\n    {\n        return $result.count\n    }\n    else\n    {\n        return 0\n    }\n}\n\n# Function to convert to WQL path\nfunction ConvertTo-WQLPath([string]$wqlPath = $(throw "No WQL path is specified"))\n{\n    if($wqlPath -eq $null)\n    {\n        return ""\n    }\n\n    return $wqlPath.Replace("\\", "\\\\")\n}\n\n# Function to check whether the shortcut is valid\nfunction Test-ValidLink([Wmi]$wmiLinkFile = $(throw "No WMI link file is specified"))\n{\n    if(($wmiLinkFile -eq $null) -or ([String]::IsNullOrEmpty($wmiLinkFile.Target)))\n    {\n        return $false\n    }\n\n    return Test-Path $wmiLinkFile.Target\n}\n\n# Function to chech whether have permission to delete the shortcut file\nfunction Test-Delete([Wmi]$wmiLinkFile = $(throw "No WMI link file is specified"))\n{\n    if($wmiLinkFile -eq $null)\n    {\n        return $false\n    }\n\n    return ($wmiLinkFile.AccessMask -band 0x10000) -eq 0x10000\n}\n\n# Function to get desktop path\nfunction Get-DesktopPath()\n{\n$methodDefinition = @"\n    public static string GetDesktopPath\n    {\n        get\n        {\n            return Environment.GetFolderPath(Environment.SpecialFolder.DesktopDirectory);\n        }\n    }\n"@\n\n    $type = Add-Type -MemberDefinition $methodDefinition -Name "DesktopPath" -PassThru\n\n    return $type::GetDesktopPath\n}\n\n# Function to get startup path\nfunction Get-StartupPath()\n{\n$methodDefinition = @"\n    public static string GetStartupPath\n    {\n        get\n        {\n            return Environment.GetFolderPath(Environment.SpecialFolder.Startup);\n        }\n    }\n"@\n\n    $type = Add-Type -MemberDefinition $methodDefinition -Name "StartupPath" -PassThru\n\n    return $type::GetStartupPath\n}\n\n# Function to remove all files in the list\nfunction Remove-FileList([string]$list = $(throw "No list is specified"))\n{\n    if([String]::IsNullOrEmpty($list))\n    {\n        return\n    }\n\n    try\n    {\n        Parse-List $list | Foreach-Object {\n            if(-not([String]::IsNullOrEmpty($_)))\n            {\n                Remove-Item $_ -Force\n            }\n        }\n    }\n    catch\n    {\n        $_ | ConvertTo-Xml | Update-DiagReport -id DeleteFileExceptions -Name $localizationString.filesFailToRemove_name -Description $localizationString.filesFailToRemove_description -Verbosity Warning\n    }\n}\n\n# Function to get the last access time of an Icon\nfunction Get-LastAccessTime([string]$filePath = $(throw "No file path is specified"))\n{\n    if([String]::IsNullOrEmpty($filePath) -or -not(Test-Path $filePath))\n    {\n        throw "No file path found"\n    }\n\n$typeDefinition = @"\n\nusing System;\nusing System.Collections.Generic;\nusing System.Runtime.InteropServices;\nusing ComType = System.Runtime.InteropServices.ComTypes;\n\npublic sealed class FileInfo\n{\n    private FileInfo()\n    {\n    }\n\n    [StructLayout(LayoutKind.Sequential, CharSet = CharSet.Unicode)]\n    struct UAINFO\n    {\n        internal int cbSize;\n        internal int dwMask;\n        internal float R;\n        internal uint cLaunches;\n        internal uint cSwitches;\n        internal int dwTime;\n        internal ComType.FILETIME ftExecute;\n        [MarshalAs(UnmanagedType.Bool)] internal bool fExcludeFromMFU;\n\n        internal UAINFO(int dwMask)\n        {\n            this.cbSize = Marshal.SizeOf(typeof(UAINFO));\n            this.dwMask = dwMask;\n            this.R = 0;\n            this.cLaunches = 0;\n            this.cSwitches = 0;\n            this.dwTime = 0;\n            this.ftExecute = new ComType.FILETIME();\n            this.fExcludeFromMFU = false;\n        }\n    }\n\n    internal const int UAIM_FILETIME = 1;\n    internal static Guid UAIID_SHORTCUTS = new Guid("F4E57C4B-2036-45F0-A9AB-443BCFE33D9F");\n\n    [ComImport, Guid("90D75131-43A6-4664-9AF8-DCCEB85A7462"), InterfaceType(ComInterfaceType.InterfaceIsIUnknown)]\n    interface IShellUserAssist\n    {\n        int FireEvent(ref Guid pguidGrp, int eCmd, string pszPath, int dwTimeElapsed);\n        int QueryEntry(ref Guid pguidGrp, string pszPath, ref UAINFO pui);\n        int SetEntry(ref Guid pguidGrp, string pszPath, ref UAINFO pui);\n        int RenameEntry(ref Guid pguidGrp, string pszFrom, string pszTo);\n        int DeleteEntry(ref Guid pguidGrp, string pszPath);\n        int Enable(bool fEnable);\n    }\n\n    [ComImport, Guid("DD313E04-FEFF-11d1-8ECD-0000F87A470C")]\n    internal class UserAssist { }\n\n    public static DateTime GetLastAccessTime(string filePath)\n    {\n        if(String.IsNullOrEmpty(filePath))\n        {\n            throw new ArgumentException("The file path is null or empty");\n        }\n\n        UAINFO uaInfo = new UAINFO(UAIM_FILETIME);\n        IShellUserAssist iShellUserAssist = new UserAssist() as IShellUserAssist;\n        if (iShellUserAssist == null)\n        {\n            throw new InvalidOperationException("Can\'t get iShellUserAssist interface");\n        }\n\n        try\n        {\n            Marshal.ThrowExceptionForHR(iShellUserAssist.QueryEntry(ref UAIID_SHORTCUTS, filePath, ref uaInfo));\n        }\n        catch\n        {\n            throw new InvalidOperationException("Can\'t query info about" + filePath);\n        }\n\n        long fileTime = (((long)uaInfo.ftExecute.dwHighDateTime) << 32) + uaInfo.ftExecute.dwLowDateTime;\n\n        return DateTime.FromFileTime(fileTime);\n    }\n}\n"@\n\n    $type = Add-Type -TypeDefinition $typeDefinition -PassThru\n\n    return $type[0]::GetLastAccessTime($filePath)\n}\n\n# Function to check whether the icon is pointing to a file\nfunction Test-FileShortcut([Wmi]$wmiLinkFile = $(throw "No wmi link file is specified"))\n{\n    if($wmiLinkFile -eq $null)\n    {\n        return $false\n    }\n\n    [string]$target = $wmiLinkFile.Target\n    if([String]::IsNullOrEmpty($target) -or -not(Test-Path $target))\n    {\n        return $false\n    }\n\n    return -not((Get-Item $target).PSIsContainer)\n}\n\n# Function to create a choice in interaction page\nfunction Get-Choice([string]$name = $(throw "No choice name is specified"), [string]$description = $(throw "No choice description is specified"),\n                   [string]$value = $(throw "No choice value is specified"), [xml]$extension)\n{\n    return @{"Name"=$name;"Description"=$description;"Value"=$value;"ExtensionPoint"=$extension.InnerXml}\n}\n\n# Function to check whether the current machine is domain joined\nFunction Test-DomainJoined()\n{\n    return (Get-WmiObject -query "select * from win32_ntdomain where Status =\'OK\'") -ne $null\n}\n\n# Function to update time source\nFunction Update-TimeSource([string]$timeSource = $(throw "No time source is specified"))\n{\n    w32tm.exe /config /update /manualpeerlist:"$timeSource"\n}\n\n# Function to get system drive info\nfunction Get-SystemDriveInfo() {\n    [string]$wql = "SELECT * FROM Win32_LogicalDisk WHERE MediaType=12 AND Name = \'" + ${env:systemdrive} + "\'"\n    return Get-WmiObject -query $wql\n}\n\n# Function to get time service status\nfunction Get-ServiceStatus([string]$serviceName=$(throw "No service name is specified")) {\n   [bool]$startService = $true\n\n   [WMI]$timeService = @(Get-WmiObject -Query "Select * From Win32_Service Where Name = `"$serviceName`"")[0]\n   if($null -ne $timeService) {\n      [ServiceProcess.ServiceControllerStatus]$timeServicesStatus = (Get-Service $serviceName).Status\n      if(([ServiceProcess.ServiceControllerStatus]::Stopped -eq $timeServicesStatus) -or ([ServiceProcess.ServiceControllerStatus]::StopPending -eq $timeServicesStatus)) {\n         $startService = $false\n      }\n   }\n\n   return $startService\n}\n\n# Function to wait for expected service status\nfunction WaitFor-ServiceStatus([string]$serviceName=$(throw "No service name is specified"), [ServiceProcess.ServiceControllerStatus]$serviceStatus=$(throw "No service status is specified")) {\n    [ServiceProcess.ServiceController]$sc = New-Object "ServiceProcess.ServiceController" $serviceName\n    [TimeSpan]$timeOut = New-Object TimeSpan(0,0,0,5,0)\n    $sc.WaitForStatus($serviceStatus, $timeOut)\n}\n\nScriptBlock ID: 460f3271-7130-4729-9e1a-9827344a4fa6\nPath: C:\\Windows\\TEMP\\SDIAG_f20c73bb-5436-4708-bf95-a23f584ec86f\\CL_Utility.ps1'




